<?xml version="1.0" encoding="UTF-8"?>
<!-- Generated by org.testng.reporters.JUnitReportReporter -->
<testsuite hostname="DESKTOP-5KPIF96" failures="0" tests="1" name="BongoBd.SqaCodeTest.AppTest" time="0.016" errors="0" timestamp="2021-12-31T18:52:06 BDT" skipped="0">
  <testcase classname="BongoBd.SqaCodeTest.AppTest" name="shouldAnswerWithTrue" time="0.016"/>
  <system-out/>
</testsuite> <!-- BongoBd.SqaCodeTest.AppTest -->
